<?xml version="1.0" encoding="UTF-8"?>
<robot generator="Robot 4.0.3 (Python 3.12.3 on win32)" generated="20240711 16:50:29.517" rpa="false" schemaversion="2">
<suite id="s1" name="Testdemo3" source="C:\Users\TREENETRA\PycharmProjects\TREENETRAProject\RobotFramework1Int\FirstRobotWork\testdemo3.robot">
<test id="s1-t1" name="Validate Child Window Functionality">
<kw name="Open the browser with the mortgage LoginPage url" library="resource" type="SETUP">
<kw name="Create Webdriver" library="SeleniumLibrary">
<arg>Chrome</arg>
<doc>Creates an instance of Selenium WebDriver.</doc>
<msg timestamp="20240711 16:50:29.777" level="INFO">Creating an instance of the Chrome WebDriver.</msg>
<status status="PASS" starttime="20240711 16:50:29.777" endtime="20240711 16:50:31.762"/>
</kw>
<kw name="Go To" library="SeleniumLibrary">
<arg>${url}</arg>
<doc>Navigates the current browser window to the provided ``url``.</doc>
<msg timestamp="20240711 16:50:31.763" level="INFO">Opening url 'https://rahulshettyacademy.com/loginpagePractise/'</msg>
<status status="PASS" starttime="20240711 16:50:31.763" endtime="20240711 16:50:33.245"/>
</kw>
<status status="PASS" starttime="20240711 16:50:29.777" endtime="20240711 16:50:33.245"/>
</kw>
<kw name="Select the link of Child window">
<kw name="Click Element" library="SeleniumLibrary">
<arg>css:.blinkingText</arg>
<doc>Click the element identified by ``locator``.</doc>
<msg timestamp="20240711 16:50:33.247" level="INFO">Clicking element 'css:.blinkingText'.</msg>
<status status="PASS" starttime="20240711 16:50:33.246" endtime="20240711 16:50:33.425"/>
</kw>
<kw name="Sleep" library="BuiltIn">
<arg>5</arg>
<doc>Pauses the test executed for the given time.</doc>
<msg timestamp="20240711 16:50:38.426" level="INFO">Slept 5 seconds</msg>
<status status="PASS" starttime="20240711 16:50:33.426" endtime="20240711 16:50:38.426"/>
</kw>
<status status="PASS" starttime="20240711 16:50:33.246" endtime="20240711 16:50:38.426"/>
</kw>
<kw name="Verify the user is Switched to Child Window">
<kw name="Switch Window" library="SeleniumLibrary">
<arg>NEW</arg>
<doc>Switches to browser window matching ``locator``.</doc>
<status status="PASS" starttime="20240711 16:50:38.427" endtime="20240711 16:50:38.448"/>
</kw>
<kw name="Element Text Should Be" library="SeleniumLibrary">
<arg>css:h1</arg>
<arg>DOCUMENTS REQUEST</arg>
<doc>Verifies that element ``locator`` contains exact the text ``expected``.</doc>
<msg timestamp="20240711 16:50:38.448" level="INFO">Verifying element 'css:h1' contains exact text 'DOCUMENTS REQUEST'.</msg>
<status status="PASS" starttime="20240711 16:50:38.448" endtime="20240711 16:50:38.486"/>
</kw>
<status status="PASS" starttime="20240711 16:50:38.427" endtime="20240711 16:50:38.487"/>
</kw>
<kw name="Grab the Email id on the Child Window">
<kw name="Sleep" library="BuiltIn">
<arg>5</arg>
<doc>Pauses the test executed for the given time.</doc>
<msg timestamp="20240711 16:50:43.490" level="INFO">Slept 5 seconds</msg>
<status status="PASS" starttime="20240711 16:50:38.488" endtime="20240711 16:50:43.490"/>
</kw>
<kw name="Get Text" library="SeleniumLibrary">
<var>${text}</var>
<arg>css:.red</arg>
<doc>Returns the text value of the element identified by ``locator``.</doc>
<msg timestamp="20240711 16:50:43.551" level="INFO">${text} = Please email us at mentor@rahulshettyacademy.com with below template to receive response</msg>
<status status="PASS" starttime="20240711 16:50:43.491" endtime="20240711 16:50:43.551"/>
</kw>
<kw name="Split String" library="String">
<var>@{words}</var>
<arg>${text}</arg>
<arg>at</arg>
<doc>Splits the ``string`` using ``separator`` as a delimiter string.</doc>
<msg timestamp="20240711 16:50:43.552" level="INFO">@{words} = [ Please email us  |  mentor@rahulshettyacademy.com with below templ | e to receive response ]</msg>
<status status="PASS" starttime="20240711 16:50:43.551" endtime="20240711 16:50:43.552"/>
</kw>
<kw name="Get From List" library="Collections">
<var>${text_split}</var>
<arg>${words}</arg>
<arg>1</arg>
<doc>Returns the value specified with an ``index`` from ``list``.</doc>
<msg timestamp="20240711 16:50:43.552" level="INFO">${text_split} =  mentor@rahulshettyacademy.com with below templ</msg>
<status status="PASS" starttime="20240711 16:50:43.552" endtime="20240711 16:50:43.552"/>
</kw>
<kw name="Log" library="BuiltIn">
<arg>${text_split}</arg>
<doc>Logs the given message with the given level.</doc>
<msg timestamp="20240711 16:50:43.553" level="INFO"> mentor@rahulshettyacademy.com with below templ</msg>
<status status="PASS" starttime="20240711 16:50:43.553" endtime="20240711 16:50:43.553"/>
</kw>
<kw name="Split String" library="String">
<var>@{words_2}</var>
<arg>${text_split}</arg>
<doc>Splits the ``string`` using ``separator`` as a delimiter string.</doc>
<msg timestamp="20240711 16:50:43.554" level="INFO">@{words_2} = [ mentor@rahulshettyacademy.com | with | below | templ ]</msg>
<status status="PASS" starttime="20240711 16:50:43.553" endtime="20240711 16:50:43.554"/>
</kw>
<kw name="Get From List" library="Collections">
<var>${email}</var>
<arg>${words_2}</arg>
<arg>0</arg>
<doc>Returns the value specified with an ``index`` from ``list``.</doc>
<msg timestamp="20240711 16:50:43.555" level="INFO">${email} = mentor@rahulshettyacademy.com</msg>
<status status="PASS" starttime="20240711 16:50:43.554" endtime="20240711 16:50:43.555"/>
</kw>
<kw name="Set Global Variable" library="BuiltIn">
<arg>${email}</arg>
<doc>Makes a variable available globally in all tests and suites.</doc>
<msg timestamp="20240711 16:50:43.556" level="INFO">${email} = mentor@rahulshettyacademy.com</msg>
<status status="PASS" starttime="20240711 16:50:43.555" endtime="20240711 16:50:43.556"/>
</kw>
<status status="PASS" starttime="20240711 16:50:38.487" endtime="20240711 16:50:43.557"/>
</kw>
<kw name="Switch to Parent window and enter the email">
<kw name="Switch Window" library="SeleniumLibrary">
<arg>MAIN</arg>
<doc>Switches to browser window matching ``locator``.</doc>
<status status="PASS" starttime="20240711 16:50:43.558" endtime="20240711 16:50:43.588"/>
</kw>
<kw name="Title Should Be" library="SeleniumLibrary">
<arg>LoginPage Practise | Rahul Shetty Academy</arg>
<doc>Verifies that the current page title equals ``title``.</doc>
<msg timestamp="20240711 16:50:43.611" level="INFO">Page title is 'LoginPage Practise | Rahul Shetty Academy'.</msg>
<status status="PASS" starttime="20240711 16:50:43.588" endtime="20240711 16:50:43.611"/>
</kw>
<kw name="Input Text" library="SeleniumLibrary">
<arg>id:username</arg>
<arg>${email}</arg>
<doc>Types the given ``text`` into the text field identified by ``locator``.</doc>
<msg timestamp="20240711 16:50:43.612" level="INFO">Typing text 'mentor@rahulshettyacademy.com' into text field 'id:username'.</msg>
<status status="PASS" starttime="20240711 16:50:43.611" endtime="20240711 16:50:44.055"/>
</kw>
<kw name="Sleep" library="BuiltIn">
<arg>3</arg>
<doc>Pauses the test executed for the given time.</doc>
<msg timestamp="20240711 16:50:47.057" level="INFO">Slept 3 seconds</msg>
<status status="PASS" starttime="20240711 16:50:44.055" endtime="20240711 16:50:47.057"/>
</kw>
<status status="PASS" starttime="20240711 16:50:43.557" endtime="20240711 16:50:47.057"/>
</kw>
<kw name="Close Browser Session" library="resource" type="TEARDOWN">
<kw name="Close Browser" library="SeleniumLibrary">
<doc>Closes the current browser.</doc>
<status status="PASS" starttime="20240711 16:50:47.059" endtime="20240711 16:50:49.660"/>
</kw>
<status status="PASS" starttime="20240711 16:50:47.058" endtime="20240711 16:50:49.661"/>
</kw>
<status status="PASS" starttime="20240711 16:50:29.776" endtime="20240711 16:50:49.675"/>
</test>
<doc>To Validate the login form</doc>
<status status="PASS" starttime="20240711 16:50:29.518" endtime="20240711 16:50:49.676"/>
</suite>
<statistics>
<total>
<stat pass="1" fail="0" skip="0">All Tests</stat>
</total>
<tag>
</tag>
<suite>
<stat pass="1" fail="0" skip="0" id="s1" name="Testdemo3">Testdemo3</stat>
</suite>
</statistics>
<errors>
</errors>
</robot>
