<?xml version="1.0" encoding="UTF-8"?>
<robot generator="Robot 7.0 (Python 3.12.3 on win32)" generated="2024-05-14T20:18:43.723564" rpa="false" schemaversion="5">
<suite id="s1" name="Test First" source="C:\Users\TREENETRA\PycharmProjects\TREENETRAProject\AutomationProjectClass\Robot\FirstRobot\test_first.robot">
<test id="s1-t1" name="Validate UnSuccesful Login" line="8">
<kw name="open the browser with the perfect url">
<kw name="Create Webdriver" owner="SeleniumLibrary">
<msg time="2024-05-14T20:18:43.878855" level="INFO">Creating an instance of the Chrome WebDriver.</msg>
<arg>Chrome</arg>
<doc>Creates an instance of Selenium WebDriver.</doc>
<status status="PASS" start="2024-05-14T20:18:43.878855" elapsed="1.915898"/>
</kw>
<kw name="Go To" owner="SeleniumLibrary">
<msg time="2024-05-14T20:18:45.796265" level="INFO">Opening url 'https://www.facebook.com/login/'</msg>
<arg>https://www.facebook.com/login/</arg>
<doc>Navigates the current browser window to the provided ``url``.</doc>
<status status="PASS" start="2024-05-14T20:18:45.795754" elapsed="1.141955"/>
</kw>
<status status="PASS" start="2024-05-14T20:18:43.877841" elapsed="3.059868"/>
</kw>
<kw name="Fill the login form">
<kw name="Input Text" owner="SeleniumLibrary">
<msg time="2024-05-14T20:18:46.939682" level="INFO">Typing text 'dummyvalue@gamil.com' into text field 'id:email'.</msg>
<arg>id:email</arg>
<arg>dummyvalue@gamil.com</arg>
<doc>Types the given ``text`` into the text field identified by ``locator``.</doc>
<status status="PASS" start="2024-05-14T20:18:46.938682" elapsed="0.254211"/>
</kw>
<kw name="Input Password" owner="SeleniumLibrary">
<msg time="2024-05-14T20:18:47.193893" level="INFO">Typing password into text field 'pass'.</msg>
<msg time="2024-05-14T20:18:47.279073" level="INFO">Temporally setting log level to: NONE</msg>
<arg>pass</arg>
<arg>password@123</arg>
<doc>Types the given password into the text field identified by ``locator``.</doc>
<status status="PASS" start="2024-05-14T20:18:47.192893" elapsed="0.284873"/>
</kw>
<kw name="Click Button" owner="SeleniumLibrary">
<msg time="2024-05-14T20:18:47.477766" level="INFO">Clicking button 'loginbutton'.</msg>
<arg>loginbutton</arg>
<doc>Clicks the button identified by ``locator``.</doc>
<status status="PASS" start="2024-05-14T20:18:47.477766" elapsed="0.118561"/>
</kw>
<status status="PASS" start="2024-05-14T20:18:46.938682" elapsed="0.657645"/>
</kw>
<status status="PASS" start="2024-05-14T20:18:43.876836" elapsed="3.720494"/>
</test>
<doc>To validate the login page</doc>
<status status="PASS" start="2024-05-14T20:18:43.724564" elapsed="3.875761"/>
</suite>
<statistics>
<total>
<stat pass="1" fail="0" skip="0">All Tests</stat>
</total>
<tag>
</tag>
<suite>
<stat pass="1" fail="0" skip="0" id="s1" name="Test First">Test First</stat>
</suite>
</statistics>
<errors>
</errors>
</robot>
