<?xml version="1.0" encoding="UTF-8"?>
<robot generator="Robot 4.0.3 (Python 3.12.3 on win32)" generated="20240809 10:07:47.901" rpa="false" schemaversion="2">
<suite id="s1" name="AdditionTest" source="C:\Users\TREENETRA\PycharmProjects\TREENETRAProject\TREENETRA_AT_13\RobotFrameworkPrac\PythonRobot\AdditionTest.robot">
<test id="s1-t1" name="Validate Addition Of Two Numbers">
<kw name="Evaluate" library="BuiltIn">
<var>${num1}</var>
<arg>${number1}</arg>
<doc>Evaluates the given expression in Python and returns the result.</doc>
<msg timestamp="20240809 10:07:47.929" level="INFO">${num1} = 10</msg>
<status status="PASS" starttime="20240809 10:07:47.929" endtime="20240809 10:07:47.929"/>
</kw>
<kw name="Evaluate" library="BuiltIn">
<var>${num2}</var>
<arg>${number2}</arg>
<doc>Evaluates the given expression in Python and returns the result.</doc>
<msg timestamp="20240809 10:07:47.930" level="INFO">${num2} = 20</msg>
<status status="PASS" starttime="20240809 10:07:47.930" endtime="20240809 10:07:47.930"/>
</kw>
<kw name="Evaluate" library="BuiltIn">
<var>${output}</var>
<arg>${expected_result}</arg>
<doc>Evaluates the given expression in Python and returns the result.</doc>
<msg timestamp="20240809 10:07:47.931" level="INFO">${output} = 30</msg>
<status status="PASS" starttime="20240809 10:07:47.930" endtime="20240809 10:07:47.931"/>
</kw>
<kw name="Add Two Num" library="MathLibrary">
<var>${result}</var>
<arg>${num1}</arg>
<arg>${num2}</arg>
<msg timestamp="20240809 10:07:47.931" level="INFO">${result} = 30</msg>
<status status="PASS" starttime="20240809 10:07:47.931" endtime="20240809 10:07:47.931"/>
</kw>
<kw name="Should Be Equal" library="BuiltIn">
<arg>${result}</arg>
<arg>${output}</arg>
<doc>Fails if the given objects are unequal.</doc>
<status status="PASS" starttime="20240809 10:07:47.931" endtime="20240809 10:07:47.931"/>
</kw>
<status status="PASS" starttime="20240809 10:07:47.928" endtime="20240809 10:07:47.932"/>
</test>
<status status="PASS" starttime="20240809 10:07:47.903" endtime="20240809 10:07:47.933"/>
</suite>
<statistics>
<total>
<stat pass="1" fail="0" skip="0">All Tests</stat>
</total>
<tag>
</tag>
<suite>
<stat pass="1" fail="0" skip="0" id="s1" name="AdditionTest">AdditionTest</stat>
</suite>
</statistics>
<errors>
</errors>
</robot>
